<?xml version="1.0" encoding="UTF-8"?>
<!-- Generated by org.testng.reporters.JUnitReportReporter -->
<testsuite hostname="DESKTOP-TFS32G0" failures="0" tests="6" name="org.swiggy.scenario.Sample" time="0.146" errors="0" timestamp="05 Nov 2022 06:06:56 GMT" skipped="0">
  <testcase classname="org.swiggy.scenario.Sample" name="me2" time="0.025"/>
  <testcase classname="org.swiggy.scenario.Sample" name="me1" time="0.096"/>
  <testcase classname="org.swiggy.scenario.Sample" name="me" time="0.006"/>
  <testcase classname="org.swiggy.scenario.Sample" name="news" time="0.006"/>
  <testcase classname="org.swiggy.scenario.Sample" name="mee" time="0.005"/>
  <testcase classname="org.swiggy.scenario.Sample" name="meee" time="0.008"/>
</testsuite> <!-- org.swiggy.scenario.Sample -->
