<?xml version="1.0" encoding="UTF-8"?>
<!-- Generated by org.testng.reporters.JUnitReportReporter -->
<testsuite hostname="DESKTOP-TFS32G0" failures="0" tests="6" name="org.swiggy.scenario.dataclass" time="0.001" errors="0" timestamp="05 Nov 2022 06:43:46 GMT" skipped="0">
  <testcase classname="org.swiggy.scenario.dataclass" name="ne" time="0.001"/>
  <testcase classname="org.swiggy.scenario.dataclass" name="ne" time="0.000"/>
  <testcase classname="org.swiggy.scenario.dataclass" name="testData" time="0.000"/>
  <testcase classname="org.swiggy.scenario.dataclass" name="ne" time="0.000"/>
  <testcase classname="org.swiggy.scenario.dataclass" name="testData" time="0.000"/>
  <testcase classname="org.swiggy.scenario.dataclass" name="testData" time="0.000"/>
</testsuite> <!-- org.swiggy.scenario.dataclass -->
