<?xml version="1.0" encoding="UTF-8"?>
<!-- Generated by org.testng.reporters.JUnitReportReporter -->
<testsuite hostname="DESKTOP-TFS32G0" failures="0" tests="6" name="org.swiggy.scenario.Sample" time="0.108" errors="0" timestamp="05 Nov 2022 06:43:46 GMT" skipped="0">
  <testcase classname="org.swiggy.scenario.Sample" name="me2" time="0.035"/>
  <testcase classname="org.swiggy.scenario.Sample" name="me1" time="0.060"/>
  <testcase classname="org.swiggy.scenario.Sample" name="me" time="0.008"/>
  <testcase classname="org.swiggy.scenario.Sample" name="news" time="0.003"/>
  <testcase classname="org.swiggy.scenario.Sample" name="mee" time="0.001"/>
  <testcase classname="org.swiggy.scenario.Sample" name="meee" time="0.001"/>
</testsuite> <!-- org.swiggy.scenario.Sample -->
