<?xml version="1.0" encoding="UTF-8"?>
<!-- Generated by org.testng.reporters.JUnitReportReporter -->
<testsuite hostname="DESKTOP-TFS32G0" failures="0" tests="7" name="org.swiggy.scenario.Sample2" time="0.011" errors="0" timestamp="05 Nov 2022 06:43:46 GMT" skipped="0">
  <testcase classname="org.swiggy.scenario.Sample2" name="me2" time="0.005"/>
  <testcase classname="org.swiggy.scenario.Sample2" name="me1" time="0.001"/>
  <testcase classname="org.swiggy.scenario.Sample2" name="news" time="0.000"/>
  <testcase classname="org.swiggy.scenario.Sample2" name="newss" time="0.001"/>
  <testcase classname="org.swiggy.scenario.Sample2" name="me" time="0.002"/>
  <testcase classname="org.swiggy.scenario.Sample2" name="mee" time="0.001"/>
  <testcase classname="org.swiggy.scenario.Sample2" name="meee" time="0.001"/>
</testsuite> <!-- org.swiggy.scenario.Sample2 -->
